<?xml version="1.0" encoding="UTF-8"?>
<testng-results ignored="0" total="1" passed="1" failed="0" skipped="0">
  <reporter-output>
  </reporter-output>
  <suite started-at="2023-10-14T02:46:27 CDT" name="Default suite" finished-at="2023-10-14T02:46:33 CDT" duration-ms="5753">
    <groups>
    </groups>
    <test started-at="2023-10-14T02:46:27 CDT" name="Default test" finished-at="2023-10-14T02:46:33 CDT" duration-ms="5753">
      <class name="test.AddCustomerTest">
        <test-method signature="userShouldBeAbleToAddCustomer()[pri:0, instance:test.AddCustomerTest@27462a88]" started-at="2023-10-14T02:46:27 CDT" name="userShouldBeAbleToAddCustomer" finished-at="2023-10-14T02:46:33 CDT" duration-ms="5713" status="PASS">
          <reporter-output>
          </reporter-output>
        </test-method> <!-- userShouldBeAbleToAddCustomer -->
      </class> <!-- test.AddCustomerTest -->
    </test> <!-- Default test -->
  </suite> <!-- Default suite -->
</testng-results>
